<?xml version="1.0" encoding="UTF-8"?>
<!-- Generated by org.testng.reporters.JUnitReportReporter -->
<testsuite hostname="DESKTOP-9GRCDB6" failures="0" tests="1" name="stepdefinition.Tc7_ChoosePriceWithoutvalidData" time="0.007" errors="0" timestamp="14 Oct 2022 12:17:04 GMT" skipped="0">
  <testcase classname="stepdefinition.Tc7_ChoosePriceWithoutvalidData" name="f" time="0.007"/>
</testsuite> <!-- stepdefinition.Tc7_ChoosePriceWithoutvalidData -->
