<?xml version="1.0" encoding="UTF-8"?>
<!-- Generated by org.testng.reporters.JUnitReportReporter -->
<testsuite hostname="DESKTOP-9GRCDB6" failures="0" tests="1" name="stepdefinition.Tc4_ValidCamperInsurantData" time="0.007" errors="0" timestamp="13 Oct 2022 10:56:06 GMT" skipped="0">
  <testcase classname="stepdefinition.Tc4_ValidCamperInsurantData" name="f" time="0.007"/>
</testsuite> <!-- stepdefinition.Tc4_ValidCamperInsurantData -->
