<?xml version="1.0" encoding="UTF-8"?>
<!-- Generated by org.testng.reporters.JUnitReportReporter -->
<testsuite hostname="DESKTOP-9GRCDB6" failures="0" tests="1" name="stepdefinition.tc1_steps" time="0.010" errors="0" timestamp="2022-10-13T12:29:58 IST" skipped="0">
  <testcase classname="stepdefinition.tc1_steps" name="the_system_navigates_to_inbox_page" time="0.010"/>
  <system-out/>
</testsuite> <!-- stepdefinition.tc1_steps -->
